<?xml version="1.0" encoding="UTF-8"?>
<testsuite name="domain.validators.TeamValidatorTest" tests="5" skipped="0" failures="0" errors="0" timestamp="2018-03-24T16:27:30" hostname="math-machine" time="0.111">
  <properties/>
  <testcase name="testValidateTeamDtoWhenActivityDoesNotSatisfyRegex" classname="domain.validators.TeamValidatorTest" time="0.106"/>
  <testcase name="testValidateTeamDtoWhenTeamNameDoesNotSatisfyRegex" classname="domain.validators.TeamValidatorTest" time="0.001"/>
  <testcase name="testValidateTeamDtoWhenMissingTeamName" classname="domain.validators.TeamValidatorTest" time="0.001"/>
  <testcase name="testValidateTeamDtoWhenMissingActivity" classname="domain.validators.TeamValidatorTest" time="0.001"/>
  <testcase name="testValidateTeamDtoWhenHappyPath" classname="domain.validators.TeamValidatorTest" time="0.001"/>
  <system-out><![CDATA[]]></system-out>
  <system-err><![CDATA[]]></system-err>
</testsuite>
