<?xml version="1.0" encoding="UTF-8"?>
<testsuite name="domain.mappers.TeamMapperTest" tests="2" skipped="0" failures="0" errors="0" timestamp="2018-03-24T16:27:30" hostname="math-machine" time="0.006">
  <properties/>
  <testcase name="testMapTeamDaoToTeamDto" classname="domain.mappers.TeamMapperTest" time="0.005"/>
  <testcase name="testMapTeamDtoToTeamDao" classname="domain.mappers.TeamMapperTest" time="0.001"/>
  <system-out><![CDATA[]]></system-out>
  <system-err><![CDATA[]]></system-err>
</testsuite>
