<?xml version="1.0" encoding="UTF-8"?>
<testsuite name="utils.SystemValuesTest" tests="2" skipped="0" failures="0" errors="0" timestamp="2018-03-24T16:27:30" hostname="math-machine" time="0.11">
  <properties/>
  <testcase name="testGetResolutionWidthReturnsCorrectValue" classname="utils.SystemValuesTest" time="0.11"/>
  <testcase name="testGetResolutionHightReturnsCorrectValue" classname="utils.SystemValuesTest" time="0.0"/>
  <system-out><![CDATA[]]></system-out>
  <system-err><![CDATA[]]></system-err>
</testsuite>
